/Users/ryanflynn/src/productsum/venv/lib/python2.7/site-packages/bs4/__init__.py:166: UserWarning: No parser was explicitly specified, so I'm using the best available HTML parser for this system ("lxml"). This usually isn't a problem, but if you run this code on another system, or in a different virtual environment, it may use a different parser and behave differently.

To get rid of this warning, change this:

 BeautifulSoup([your markup])

to this:

 BeautifulSoup([your markup], "lxml")

  markup_type=markup_type))
/Users/ryanflynn/src/productsum/venv/lib/python2.7/site-packages/bs4/__init__.py:166: UserWarning: No parser was explicitly specified, so I'm using the best available HTML parser for this system ("lxml"). This usually isn't a problem, but if you run this code on another system, or in a different virtual environment, it may use a different parser and behave differently.

To get rid of this warning, change this:

 BeautifulSoup([your markup])

to this:

 BeautifulSoup([your markup], "lxml")

  markup_type=markup_type))
Traceback (most recent call last):
  File "product2db.py", line 100, in handle_url
    mapp = Host2Map[host].from_html(url, html)
  File "/Users/ryanflynn/src/productsum/product_mapper/neimanmarcus.py", line 238, in from_html
    realproducts = [p.to_product() for p in products]
  File "/Users/ryanflynn/src/productsum/product_mapper/neimanmarcus.py", line 152, in to_product
    img_urls=[self.img_url] if self.img_url else None
  File "/Users/ryanflynn/src/productsum/product_mapper/product.py", line 132, in __init__
    assert '&amp;' not in self.name
AssertionError
Process PoolWorker-3:
Traceback (most recent call last):
  File "/opt/local/Library/Frameworks/Python.framework/Versions/2.7/lib/python2.7/multiprocessing/process.py", line 258, in _bootstrap
    self.run()
  File "/opt/local/Library/Frameworks/Python.framework/Versions/2.7/lib/python2.7/multiprocessing/process.py", line 114, in run
    self._target(*self._args, **self._kwargs)
  File "/opt/local/Library/Frameworks/Python.framework/Versions/2.7/lib/python2.7/multiprocessing/pool.py", line 97, in worker
    initializer(*initargs)
  File "product2db.py", line 116, in worker
    q2.put(handle_url(*params))
  File "product2db.py", line 100, in handle_url
    mapp = Host2Map[host].from_html(url, html)
  File "/Users/ryanflynn/src/productsum/product_mapper/neimanmarcus.py", line 238, in from_html
    realproducts = [p.to_product() for p in products]
  File "/Users/ryanflynn/src/productsum/product_mapper/neimanmarcus.py", line 152, in to_product
    img_urls=[self.img_url] if self.img_url else None
  File "/Users/ryanflynn/src/productsum/product_mapper/product.py", line 132, in __init__
    assert '&amp;' not in self.name
AssertionError
no utag...
no utag...
no utag...
no utag...
no utag...
no utag...
no utag...
no utag...
no utag...
no utag...
1 http://shop.nordstrom.com/c/sale-beauty/smashbox~675 bytearray(b'\xc0u\x7f\xd9\x90Q\x90|\x83=T\xb2\xd2\xb9`\xdd\\|c\x00d\xf5\xcbG\x81\x95|\x13_w\xf5j')
2 http://www.farfetch.com/shopping/men/eraldo/trousers-2/items.aspx bytearray(b"@\xbe\xcb\x0bni\xf9j\nG~\x18\x15\x16\xb5\xf5\x02\xf5\xb8\xb3\x0c\xfb\xdbP\'~:\'UJ+\x94")
3 http://www.net-a-porter.com/us/en/d/Shop/Beauty/All?image_view=product&designerFilter=1954;1675& bytearray(b'\xca\xc17e\xe9n\xb7\xfe\xaa\\\xbf\xe0k#\xcd\x93\xaf\xcd\xe9Q\xb8|\x15\xbf\x03\xbf\xed\x9c\x15\x14%\xa0')
4 http://shop.nordstrom.com/c/walker-boys-shoes/primigi~4400 bytearray(b'\x0f\xfe\xeag\x07Tq\xde$\xeaK\xeaq\x04\xda\x88\x8cx\xe2\xb3\x99$\xa5\xf5\x8a#P\x0e\xdd`\x8b\xc2')
min_handle: 1
<connection object at 0x7f94badd4b90; dsn: 'host='productmap.ccon1imhl6ui.us-east-1.rds.amazonaws.com' user='root' password=xxxxxxxxxxxxxx dbname='productmap'', closed: 0>
5 http://www.farfetch.com/shopping/women/deepa-gurnani/belts-1/items.aspx bytearray(b'\x93"\xb3\x9a\x8e\x88\x12;\xe9\xa3\x0e\xe3\x05\xc0\xad\xe8\xa7a\xbb\xd3N\xa4Kq\xb1]p\x13=\x82\x03d')
6 http://www.net-a-porter.com/us/en/d/Shop/Gifts/Beauty_and_Fragrance?image_view=product&designerFilter=1645& bytearray(b'7\xe82\x804\xbe{\x1d|\xa0\x1a\t\x8ctW^1\x02e\xcf\xa8P\xaf\xae\xbb7`O\xf30u7')
7 http://www.neimanmarcus.com/Pamela-Love/Jewelry/cat48010744_cat000160_cat42120742/c.cat?navAction=index bytearray(b'\xd4T\xa6\x06\xb7S\x98\x11#\xc4\x10@\xdc=9u\xe2|\xd2wvP\xaa\x8f7\xe8\xd8\x1f\xc5\x0f@X')
min_handle: 1
8 http://www.net-a-porter.com/us/en/d/Shop/Clothing/Jackets?image_view=product&designerFilter=444& bytearray(b'x\r\xfb\x05\x13\xecm\xfcQ\xd9\\\x1dLn\xbc\xd9\x90c\xbe\xe9\xdc\x081\xcb\x19;\x8d\xeb\x98\xef@\xca')
min_handle: 1
9 https://www.neimanmarcus.com/search.jsp?N=0&from=saledi&st=s&rd=1&Ntt=Vita+Fede bytearray(b'\xd1\x96\x8b\x0f\xbfU\x1f\xccS R\x0f\xc6\xb0\xabO{\xf9,\xe4\xa9^\xe36\x0ffN\xfb\xc4\xe0t4')
min_handle: 1
10 http://www.neimanmarcus.com/Monique-Lhuillier-Cap-Sleeve-Chantilly-Lace-Gown/prod178950387/p.prod bytearray(b'\xa7\xef\xf44\xde\x0c\x15\xef\xbe\xc1r\x0b\xb9D^\xe1\xac\x89\xbd\xb5/\x147\xdd\xdf*\xd4\xa7\x10\x8a)\xc2')
min_handle: 1
11 http://www.net-a-porter.com/us/en/d/Shop/Lingerie/Briefs?image_view=product&colourFilter=43& bytearray(b'\xf3\xf2Q(\xe1\x03\xdb\x19r\xbb\xb0\xb2\xeb!\x01oQ\x82"\xce\x8dPj5\xed\xe7\x96:\xd7\xbd\xbe\t')
12 http://www.net-a-porter.com/us/en/d/Shop/Beauty/All?image_view=product&designerFilter=1960& bytearray(b"t>Z\xf0\xea\xc0*Y\xa5R8\x81\x1dGJ\x85\xef:[\x95\xf9x\x11\xd1)!\xaa\'\x14\xe3\x1bD")
min_handle: 1
13 http://www.neimanmarcus.com/Co-Sleeveless-Peplum-Denim-Dress-Indigo/prod182720130/p.prod bytearray(b'S\xf9\x88\xa8V\xd3\xd0\xd5\xe9\xdd\x910\xa4PD\x06\xb7\x0c\x0f\xe3N\xc9\x06\xc1.4\xf7m\xf5\x94Ka')
14 http://www.neimanmarcus.com/NM/InSite/Manolo-Blahnik-Hangisi/cat55920923_cat22500742/c.cat bytearray(b'\xeb\xde\xba\x88S(|\xffv\xe3\x85\xd8\x99\xe8\xa6\x14\xe0\xaa\xf0\x8bF\xe8tW ?c\xc8\xc3\x1c\xf7\xac')
min_handle: 1
15 http://shop.nordstrom.com/c/kids-denim-shop/volcom~1353 bytearray(b'J\xa5\xc7\xe0\x99\x93\xcf\xed\xdb\x1c\x8b\xcb\x91\x15\xd7\xd2\xd1r\x07\x0e\xc4\x8d\tL\x84\x9c\xbeF\xf6\xfa\xca\x1c')
min_handle: 1
16 http://www.neimanmarcus.com/Manolo-Blahnik-Aneska-Snakeskin-Lace-Up-Open-Toe-Flat-Natural-Animal-Instincts/prod183930186_cat53500736__/p.prod?icid=&searchType=EndecaDrivenCat&rte=%252Fcategory.jsp%253FitemId%253Dcat53500736%2526pageSize%253D30%2526No%253D0%2526refinements%253D&eItemId=prod183930186&cmCat=product bytearray(b'O^>o\xb3\xa6O\x12\x1f\xf2\x82\x16O %\x04\x9f\xbaN\x8f\xde\xbafl\xce\x94\xb3\xa3\xa6\xa4E\xfc')
min_handle: 1
17 http://www.net-a-porter.com/us/en/d/Shop/Beauty/All?image_view=product&designerFilter=2475;1819& bytearray(b'=\xbb\xefd-~N\xcd\xfb\xaa\xc8k\xec]\x01_q\xd1\xcf\x85\xa9\xc0AN\x92\xb0\xa2\xf7\x83$\n\xab')
min_handle: 1
18 http://shop.nordstrom.com/c/womens-hats-hair-accessories/orange bytearray(b'X\x17\xf8+T\xe2!\n\xd9\xe6\xae$gy\xdf\xa1U\x0f\xbes\xbfA\x94\xed\x8b1;\xcf\xfb\x88\x8f\xe7')
min_handle: 1
19 http://shop.nordstrom.com/c/designer-skirts/3-1-phillip-lim~5038 bytearray(b'\x83v{k\xdfKh-?\xba\xe8\xf9\xd2\x05\xc6{\xb5\xf8\xb4C\x02\xdc\x7f\xc9\x8d,\xf7\xa0\\\x04^\x0e')
min_handle: 1
20 http://www.net-a-porter.com/us/en/Shop/Bags/All?image_view=product&pn=1 bytearray(b'0\xe3B+\x04\xd5\xdc\x0c\xf2\x07p\xef\xe9\nM\x13\x85\xae\\\xc6\x13\xb6\xd8\xb0#i\xc7 \x8f\xe6\x9a\x94')
min_handle: 1
21 http://shop.nordstrom.com/c/diaper-bags/tote bytearray(b'\x8a\xed\x8fV\xf0\x9a\xfb\xb3\x1f\xa9\x94\xe8o\xb0\x98\xa4\xf5\xc5a9\xec\xa4\x13\xfa\xc4\xd9\xe0h\xd5\x7f\r(')
min_handle: 1
22 http://www.net-a-porter.com/us/en/d/Shop/Winter_Shop/Lingerie_and_Hosiery?image_view=product&designerFilter=318& bytearray(b'\xa5Q\x19Xy9\xaa\n~\xafa)#\x01aR\xd4\xd8\xac\xfc|q\xf7\x08D\x9c\x8fO\xdcj*\xec')
min_handle: 1
23 http://www.neimanmarcus.com/Gifts/Popular-Gifting/cat51910732/c.cat bytearray(b'~\x1d*\xce\x19X\x87\xc7\x82\xb0\x1c\x06L\xe7T\x91\xf4\x10A\x881+\x8c&\x1d\xf9V_\x0f\xb5,t')
min_handle: 1
24 http://shop.nordstrom.com/s/l-a-m-b-excite-peep-toe-sandal-women/3994217 bytearray(b'\x02m\xa5\xdb\n`\x98\xedUld\xc6\tav\xc3\x92\xc5X\xc9A3\xe7\xba\x08\xb3x\xa8\x9d\x932\xee')
min_handle: 1
25 http://www.net-a-porter.com/us/en/d/Shop/Accessories/Fine_Jewelry?image_view=product&colourFilter=3& bytearray(b"D47\xfd\xef\rb/?\x8f\'Z\xa5\x8cu\x05L\xf3\x1e\x83\xf1\xd7P\xde\xc4\x91\x80\x13\xc5\'\xea%")
min_handle: 1
26 http://www.farfetch.com/shopping/women/smythson-luggage-tag--item-11160880.aspx?storeid=9388&ffref=lp_dn_3_3_ bytearray(b'\xe7c\x9b>\xcf\xe3ly\xc7\x04\xbb\xf2\x05\x94U\xad\x83a\xff\x04i\xc4\xa4\x87*\x10P-\xc3\xea9\xb1')
min_handle: 1
27 http://www.net-a-porter.com/us/en/d/Shop/Beauty/All?image_view=product&designerFilter=2431;1710& bytearray(b'Q\x83\xe02r+i\x03\t\xbc\x93&\xe69\x1a\x817)\xd0\x0c\xdc\x143~eJ\xc1AK\xc0\xa8\xc0')
min_handle: 1
28 http://www.neimanmarcus.com/Manolo-Blahnik-BB-Watersnake-Pump-Gray-Black/prod174910290/p.prod bytearray(b'\ni\xdf\x12r\xeb\xe63\x0f\x88\xdf\xdbY\xb1\xe8.\x16\xc7\xab\xc5f\xec\x83\x93\xa6\xf3\xc0W.\x06\xa4C')
29 http://www.farfetch.com/shopping/men/fornasetti-incense-box-item-10272745.aspx bytearray(b'\x0b\xde\xd8\xafi\x05\x03\xc6^\x14\xd9~\x10\xa0\x1f\xb3\x883\x8b\xcfu\xb4\x1au\x97\xffT\xb9eUD\x00')
min_handle: 1
30 http://www.net-a-porter.com/us/en/d/Shop/Shoes/Boots?image_view=product&navLevel3=Evening_Boots&sizeFilter=00003_35_Shoes& bytearray(b'\xd4j\xcbds\xf3\x1d\xb0B\xa5\xd6\x80-1Ex\xf2\x1c\xdd\xcf\xc3.y\xc7\xa9\x04\xc9\xc5\x8a\x95,;')
31 http://www.net-a-porter.com/us/en/d/Shop/Beauty/All?image_view=product&designerFilter=1954;2497& bytearray(b'yYM\xf2~u\x92\x00[z6\xc9\xb3\x06\xcaA3N\xa4\xff\x99y\xc1\x08D\x89q\x0b\x85\x82\xafl')
min_handle: 1
32 http://www.net-a-porter.com/us/en/Accessories/All?cm_sp=topnav-_-accessories-_-topbar&pn=3 bytearray(b'\x81\xd73\xbe\xd1\x88\xb3\xfa:T9pai6x:\x13\x82\x8eyp\xe6]\xec\xc6\x08G\x14tGX')
min_handle: 1
33 http://shop.nordstrom.com/c/60176410/missoni~5016 bytearray(b"G\xca\xfc^\x0b\xea\x95\x96w)\xdf\xb7\'\xd6V\xd3\x96<\x91&e5\xc8\x93\x9f\xe1\xbf|\x8bj\x13\x8a")
min_handle: 1
34 http://shop.nordstrom.com/c/wedges-for-women/bp~814 bytearray(b'\xffE\xe5x\xad\xc4\xb9\xc9\x83B\xab\x9e\xcf\x91\xc9(\xbd\xa5\xb1\x9c\x00\x82\x83#\xea7L\xe9p\x91T\xfe')
min_handle: 1
35 http://www.neimanmarcus.com/K-Kane-Mini-Single-Initial-Diamond-Bracelet-Yellow-Gold/prod165760511/p.prod bytearray(b'\xa5\x1f\xaaAt\xbbVL\x85\xe6?xEac\x0b\xa2\xad\xdd\xa4\xaf\xc4V\xebs\x94a\x14\x83WG\x97')
min_handle: 1
36 http://www.net-a-porter.com/us/en/d/Shop/Clothing/Skirts?image_view=product&sizeFilter=00007_XL_Clothing& bytearray(b'\xdf\x85\ns\xe4\xfb"\xdfd\x8d\xfcS\xc8w\x1c\x9c\x0b=-\xc6\xae\xc7\xe3d\t\xf4\x92\xb2>\x9a\xb1>')
min_handle: 1
37 http://www.neimanmarcus.com/MARC-by-Marc-Jacobs-Domo-Fur-Trim-Leather-Biker-Backpack-Black-Backpacks/prod181370146_cat48810754__/p.prod?icid=&searchType=EndecaDrivenCat&rte=%252Fcategory.jsp%253FitemId%253Dcat48810754%2526pageSize%253D30%2526No%253D0%2526refinements%253D&eItemId=prod181370146&cmCat=product bytearray(b'\xc5\xc4\xb3\x0f3(d\x04\x90\xac\xb4\xbeK5\xd4{\xaf\r\xc2\xbe\xfe\xb3\xf9ag\xb1&<\xaa\xdc\xa4\xbe')
min_handle: 1
38 http://shop.nordstrom.com/c/beauty-holiday-womens-fragrance-gifts/malie-organics~8794 bytearray(b'\xfc0\xf7\x00E\xb8;}+\xe5l\xe9\x0e\xfb\x1f\xf3\xfa\x85\xed_C\xefp\xee\xa7\\oN\x01\xe8<G')
39 http://www.farfetch.com/shopping/women/madame/items.aspx bytearray(b'Z5\xc1\xf1]\xa3\xfd*\xbc\xa6\x0cA{%\xd3j\x89B\x11`*>\xf8\x1fw\xbb\xfd\xf7\x9e\xfd2\x0b')
40 http://www.net-a-porter.com/us/en/d/Shop/Sport/Ski?image_view=product&colourFilter=43& bytearray(b'L\xdf\xd0n\x91\x00\xa5\x8a\x90\xd3/\x0e\xc7*\x83 [qA\xee\xa6\xbf\xa8\xd3\x12-\xf6\xd8<\xe8>*')
41 http://www.neimanmarcus.com/John-Hardy-Dot-18K-Gold-Diamond-Pearl-Drop-Earrings/prod185880115/p.prod bytearray(b'\x8epT\xa2(\\\xae\xa5\x89v\x86N\xa9U*\xa8F\xb9=\x89\xf6\x98S,\xd7\xd7o\x9c\xb6\xeb\x16\x86')
min_handle: 1
42 http://www.farfetch.com/shopping/men/sale/designer-givenchy/sweaters-knitwear-2/items.aspx bytearray(b'v\xef\x84s\xd88\xa2\xd29\x188\x94\x8c\xa2\xac\xa0\xd2d\xbcd\x03\xc1\xffD\x81\xd3\xd7\x98\xed!~`')
min_handle: 1
43 http://shop.nordstrom.com/c/tuxedo-shop/cuff-links bytearray(b'S\xa2\x99\x18\x18fQRH\xfd\xb4\x87\x0ce\x84\xf75\xed\xa2\xd0\t\xee\xd1\x02\x94\xc8\x1e\xb31\x05@1')
min_handle: 1
44 http://shop.nordstrom.com/c/mens-sneakers/dr--scholl-s~191 bytearray(b'\xf68Q\xf7\x05\xdcq\xca\xf9\xb0\xc4\xc6\xb2\xbb\xe1\xe4\xdc\x818t\x8a.\xd9\xdd\x17\xdb\xf8k\xfd\x9d(6')
min_handle: 1
/Users/ryanflynn/src/productsum/venv/lib/python2.7/site-packages/bs4/__init__.py:166: UserWarning: No parser was explicitly specified, so I'm using the best available HTML parser for this system ("lxml"). This usually isn't a problem, but if you run this code on another system, or in a different virtual environment, it may use a different parser and behave differently.

To get rid of this warning, change this:

 BeautifulSoup([your markup])

to this:

 BeautifulSoup([your markup], "lxml")

  markup_type=markup_type))
45 http://www.net-a-porter.com/us/en/d/Shop/Shoes/All?image_view=product&designerFilter=1474;1475& bytearray(b'}\x9b\xe1\xf7;\xa5mhu\x80_\xd8u\x96\x04\xcc\x97\xe0\x99\xb5\xbe\xff\xb6\x9f\xe5\x0b\x16KOe4\xac')
min_handle: 1
46 http://shop.nordstrom.com/c/sale-beauty/face-exfoliators bytearray(b'\xbf\xc9\xc6\x921v\xdf\'\xfe\xb5\xbf\x92S\xd7\xc6v\xc6\xbf\xcfc\x91\xa3<\x1f6\xc2\ryY"~\x00')
min_handle: 1
47 http://shop.nordstrom.com/c/mens-sneakers/gorilla-usa~11795 bytearray(b'\xc1F\x99\x87{?\xd32\x98\x01}\x19P\x1fKf\x9a\xc6\xfc~\xbe\x03\xebU\xa5bH\x88\x86\xea\x02\xb1')
min_handle: 1
48 http://www.net-a-porter.com/us/en/d/Shop/Whats-New/Now/Clothing/All?image_view=product&designerFilter=627& bytearray(b'\xa8\xbc\x80H\xad\x9c\xe7\x0bj\xac\t\xb0\x98\x19\xed,\x9e\xcc\xe5\xf2\x95z\x1f\xacD\xd2\xbd7\xea\xd5%\xaf')
min_handle: 1
49 http://www.farfetch.com/shopping/men/marni/tapered-denim-2/items.aspx bytearray(b'\'\xae\xec6\xe68-w5\xde\xe9\xa9" \x15B\xc4\xbcea\xb6 =c\x84F\xb2,E\x14\x7f\x8c')
min_handle: 1
50 http://www.neimanmarcus.com/search.jsp?N=0&from=saledi&st=s&rd=1&Ntt=Catherine+Malandrino bytearray(b"\x01\xff1\x07\x80\xfc\xf9\xc3\xc7\xd6\xb6v\xf0,\xe9l\n\x17\xad\x1f\'\x01\xaa&\x0e/\\\xf1\xb5b\x810")
min_handle: 1
51 http://www.farfetch.com/shopping/women/cape-1/items.aspx bytearray(b'\xfd\xc2\x12\x1b\xd6\x85\x95\xc1G\t\x12\x06\x07>b\xd6Xa\x11m\xaf\x89MA\xe2%(\xbd\xb9+|\x11')
min_handle: 1
52 http://shop.nordstrom.com/c/beauty-gifts-value-sets-all/bath-oil bytearray(b'\x18\x19\xcd7d\x96cZbH\x90\x14\xedy\x1d\xf0,\xb3\x8et\x1aZw\xc2\xc4\xc2\x98\xa6<\xab\nl')
min_handle: 1
53 http://www.neimanmarcus.com/Chloe-Dafne-Geometric-Butterfly-Sunglasses-Chloe/prod185020273_cat10090734__/p.prod?icid=&searchType=EndecaDrivenCat&rte=%252Fcategory.jsp%253FitemId%253Dcat10090734%2526pageSize%253D30%2526Nao%253D0%2526refinements%253D&eItemId=prod185020273&cmCat=product bytearray(b'Tr}\xc2{\r\xc99Z\x17Y]\xd3Eb\xcc\x1c\xa3\xb47@M\xe6q\x8bj\x8f\xfa#\xc8J\x90')
min_handle: 1
54 http://www.neimanmarcus.com/NM-Kids/Baby-Gear/Nursery-Decor/cat55120752_cat53290747_cat5160748/c.cat bytearray(b'^\x0c\x89i\xa1\xfc\xe1\xd8\xf8\xbc\xe8\x8b\xfa\x99\x168Z\x9f\xac\xe0\xc2XSD\xaa\xe7\x8f\x94\xf2\xab\xa4e')
min_handle: 1
55 http://www.net-a-porter.com/us/en/d/Shop/Whats-New/Now/Shoes/All?image_view=product&designerFilter=469& bytearray(b'\x80\x7f=\xa2\xe1:qn<E\xc4\x9e\x01\xd6\xfe\x8c\xb8\x15\t\xf0\x16-"i\xa7\xd2|\x98\x95\x88\xbd\xc8')
min_handle: 1
56 http://www.farfetch.com/shopping/women/stella-mccartney/track-pant-1/items.aspx bytearray(b'\x07\xda7\x8f;y8D\x99\xa8\x9b\x17\x03d\x98\xef0\x8d\x90\xaa\x1b\xffA\x85$\x00jm\x8dXJ\x8f')
min_handle: 1
57 http://www.farfetch.com/shopping/men/and-re-walker/items.aspx bytearray(b'=\xfeQ&4o\x9a\xd4\x8fu)\xf0\xbet\x99\xd9\x03\xa6\xebG\xbf\xbcL\xba\xbc#\x17>\xfb\xf0\x7f\xf7')
min_handle: 1
58 http://shop.nordstrom.com/s/theory-nyma-k-merino-wool-blend-coat/4066247?origin=category bytearray(b'\x10\xab\xef\xe8&b\xc0\x87\xbd\xf7\x90\xeeW\x13\xda\x95r\xbf\x81\xedn\xd7\x19\x02s\xd1\xafJ\xa7\x9bZ[')
min_handle: 1
59 http://www.net-a-porter.com/us/en/d/Shop/Beauty/All?image_view=product&designerFilter=1975;1440& bytearray(b'L\x80\xe1o=b\xcc\xad@x=\x17J\xf2\xf9\xce\x89g\x95{g\xd7#\x0e\x80<\xd2cm\x1c\xf0p')
min_handle: 1
60 http://www.net-a-porter.com/us/en/d/Shop/Accessories/Fine_Jewelry?image_view=product&navLevel3=Necklaces&colourFilter=37& bytearray(b'\xc8x\x14P\x06\x11p\xba\x03&\x1d\x82|\xea\x0ehi\xba\x93:P\x89y\xc3\x19\xb61\xb1\xcej\xd2n')
min_handle: 1
61 http://www.farfetch.com/shopping/women/francesco-demaria/fine-rings-1/items.aspx bytearray(b'\xf1\xa2d\xc5\xed\x94]\xc4\xcbW\x87\xcfg\xa3\x82q\xda\x11\x82=\xbb\xc3\xb7\x00\x01E\xdf \x99\xcbT\xec')
min_handle: 1
62 http://shop.nordstrom.com/c/designer-sandals/white bytearray(b'\xf2>\x05\xa4\xe3\x88\xf0!\x85\x13D\x9e\x84\x8cx@>\x13\xb1\xc5N4\xfc\xbc\xe8\xdc;\xd5IIA\xca')
min_handle: 1
63 http://www.net-a-porter.com/us/en/d/Shop/Sport/All_Sportswear?image_view=product&navLevel3=Pants&colourFilter=43& bytearray(b'\xed\x08\x95\x9c\x1c\xa4$\xcfCs\xf4\x1d\xc4\xa3\x882\xb9\x06\xfd\xd6\xf7/0\xe9\xe6\xb0\xe5n\xbf\xc5\xb8\xe1')
min_handle: 1
64 http://shop.nordstrom.com/c/holiday-gifts-under-25/the-tie-bar~8470 bytearray(b'\x00\xcc\x02\xd3\xb4\xe6D\xae\xb7\x84\x81C\xa3*\xf5b)(}\x1f\xa3(\xd1\x7fB\x91\x0f\n\x8e\xa6\xb6\x87')
min_handle: 1
65 http://www.farfetch.com/shopping/men/ikiji/items.aspx bytearray(b'\xf4\xe7wz\xb6\xaf\xcc`\xf8C\x08\xbb=\xa3\xea U\xc9\xc0\xb5_\x83s\xc6B\x16Y\x95\xb3\x04\xb4n')
min_handle: 1
66 http://shop.nordstrom.com/c/womens-sneakers/activity-beyond-the-workout bytearray(b'\x03\xfa\xc1/) D\x12\x18\x8c\xbd\xdb\x1bA\xd6S&Y\xc6\xa1\x89\xcd\xa6W*\xbc\xf8Pl\x06_$')
min_handle: 1
67 http://www.farfetch.com/shopping/men/avant-toi/accessories-all-2/items.aspx bytearray(b'\x9a\xaf\xeeo\x8dvu/*\x10\xb5\x96\x0f\x11\xed\xa4\x90v\x81u\x96\x96\xfc\xa4C_1\x87\xe6\xda\x10}')
min_handle: 1
68 http://shop.nordstrom.com/c/womens-new-arrivals/proenza-schouler~5430 bytearray(b'5\xfe\x80\xa8\x85\x8a\xed7\xe7\x1a`$\x07\xe2\xd8\x06\xb6\x89\x97\x89P[\xc5\\s\x9d\xc8\xd9@\x8e\x81\xbb')
min_handle: 1
69 http://www.neimanmarcus.com/Accessories/Custom-Shop/Salvatore-Ferragamo-Drivers/cat56140732_cat54380757_cat2830732/c.cat bytearray(b'"\x82\xae^\xbc\xf2\xc6\xba\xa9\x86s!$h-\xd3T \xb0i\x84\x1d@\x05\xaaF\xae\x02\x81\x10wr')
70 http://shop.nordstrom.com/c/beauty-gifts-value-sets-all/cherry-blooms~12780 bytearray(b"#\xeaB\xc2\x02\x8dyu_M\x84\x98\xdb\\/??\x0c\x1d\x87\'A\xcb\x95\xb9&\x16\xf9\x1b\x87\xb1\x1d")
min_handle: 1
71 http://www.neimanmarcus.com/Bottega-Veneta-Crisscross-Woven-Sandal-Espresso-Bottega-Veneta/prod179350266_cat46620748__/p.prod?icid=&searchType=EndecaDrivenCat&rte=%252Fcategory.jsp%253FitemId%253Dcat46620748%2526pageSize%253D30%2526No%253D0%2526refinements%253D&eItemId=prod179350266&cmCat=product bytearray(b'\x0c\xab\x9cS\x9d\xcd\x97i\x80\x9d\xdc\xef@\xda<\x0e\xc3\xa4\xb9\x06\xcf\x18\x00\xec:\xabo\xe3z\xd5\xf0\xd3')
min_handle: 1
72 http://www.neimanmarcus.com/LAGOS-Newport-Elongated-18K-Gold-Diamond-Rope-Earrings-LAGOS/prod186080234_cat48450752__/p.prod?icid=&searchType=EndecaDrivenCat&rte=%252Fcategory.jsp%253FitemId%253Dcat48450752%2526pageSize%253D30%2526Nao%253D0%2526refinements%253D&eItemId=prod186080234&cmCat=product bytearray(b'5x\xc8s\xa7\x88\xc8\xc9\x82|\xec,\xd3\x9d\n\xc1\x8a\xe8\xf1\xa5\xd8Z\x8fg\x0b\xbcHX\x16\xa2y\xae')
min_handle: 1
73 http://www.farfetch.com/shopping/men/salvatore-ferragamo-classic-brogues-item-11195040.aspx?storeid=9453&ffref=lp_dn_47_17_ bytearray(b'h3\xbe1\xb7\xe9\x0cv\xbe&\x90\xb3\x0f\x83"\\\xea\x11|\x97\xd6\x92\xd3>w-^\x1a\xb8\xcc<F')
74 http://shop.nordstrom.com/c/sale-mens-clothing/quiksilver-waterman-collection~6033 bytearray(b'\xbf.\xd0\xd1g\x91\x0f\x89\x11\xfc\x81OQ\x90h2Z\x17|"\xa0\xc0\x92\xeb\rpc\xa3\xadO;\xc4')
min_handle: 1
75 http://www.neimanmarcus.com/Elle-Sasson/Womens-Clothing/cat49840750_cat000019_cat000009/c.cat?navAction=index bytearray(b'C\xa6\xc4\xde\xfb\xe8\xaa\xf3\x99\xf6\xf6\xa9\xce\x88\xcfew\xd5\x7f\xa1z\xc8|Hk(WW\x95&\xf0\x97')
min_handle: 1
76 http://www.net-a-porter.com/us/en/d/Shop/Sport/Tennis?image_view=product&colourFilter=1002& bytearray(b'\x18\xc6Y\xb9.?\xa8(\x90[\xe3\xea\xf9[\xa1\xb2\x82G\xe03\x85\x83C\xf63j\xd2aZ\xdb\xf1C')
min_handle: 1
77 http://www.neimanmarcus.com/Womens-Clothing/OnTheCusp/New-to-Cusp/cat54780740/c.cat bytearray(b'\x91\x1bx\n\x9e\x0e/\xc0\xf2F\x89w\xf9\x9e\xc7\x96\xaa27\x1c<F\xb4\rN\xe7`\x1av5\x8d`')
min_handle: 1
78 http://www.farfetch.com/shopping/women/dolce-gabbana/high-waisted-trousers-1/items.aspx bytearray(b'\xeb\xfb\xbf\xf9\xe6^\xcd`\xed\xd3\x13vy1\xe2\xf6\x19&q\x14\xdf\xa1kG\xa7:A\x8d\x89\x7f\x01y')
min_handle: 1
79 http://www.farfetch.com/shopping/women/givenchy-persian-print-clutch-item-11218039.aspx?storeid=9672&ffref=lp_pic_41_2_ bytearray(b'\xca\xac\xf0t\xf7\xe7\xca5\x16\xed\xa6\xd8~\xfc\x9d\xef?\x9c=\x84\xf5k\x01\xf7\xb1\xa8\xc8\x9f\xe9\xd9\xa0\x82')
min_handle: 1
80 http://www.neimanmarcus.com/Ashley-Pittman-Mini-Mara-Necklace-in-Dark-Horn-32/prod175340179/p.prod bytearray(b"\x1a&i\x13\xba\x93\xbe\xdb\x0ei\xdf`\xfe*\'\x0f\xdenJz\x01,\x12\x88&\x0f\xcbz\xad\xc3@0")
min_handle: 1
81 http://shop.nordstrom.com/s/4185962?origin=category bytearray(b'\xe6f\xc5){\x99!\x97\x04\x9fJ\xc2\xa6\x07\x02\xfeO\x1e\x93\x02\xed\xf6\xe2b\xc0~\xacC\xac\x8f\x15\xa2')
min_handle: 1
82 http://shop.nordstrom.com/c/girls/burt-s-bees-baby~11667 bytearray(b'Y\x95\x7fS\xa9Z\xe9\xb0\xad\x1a\x10\xe1\x1a\xfb\xf2\x9b\x19_\xcc\xdcj4\xb4!.\x98\x13y\xde\xa5-\xbf')
83 http://shop.nordstrom.com/c/baby-bathing-health/toys bytearray(b'\x7f\xef\r\xda\xcd\xa0\xd0\xe2s\xc1%Je|\xae]\xda\x92\x11\xb5\x1bM\xb2w\xa3\x9f\xe7\xd1\xbd\xe6M\x84')
min_handle: 1
84 http://www.neimanmarcus.com/Lulu-DK/Jewelry/cat51850752_cat000160_cat42120742/c.cat?navAction=index bytearray(b'\xbd\xf3S\xe7]G\xf5\xec\n\x8a\xa6\xf6+\xc6\x1c\xa4\xd3\xba\x86a\xc4g80\xaa\xa8NR\xfd\x10\xb5\x96')
min_handle: 1
85 http://www.farfetch.com/shopping/men/bracelets-2/items.aspx bytearray(b'\xc4\xcf\xde\xb2{=\xea\t\x1c\xf2\xf8\xf0\x1c\x9dQ4F)\x04`\xdd{\x87$\x99\xb4\xec\xbb\xd0\xa2\xa3\xb4')
min_handle: 1
86 http://www.neimanmarcus.com/Trish-McEvoy-Beauty-Booster-Advanced-Repair-Retinol-Eye-Cream/prod162640152/p.prod bytearray(b'E\xac\x1e\xd7;\x1d\x08j\xf9b0\xe8\xf8^\xa4;[5;.\x15}H\x10\x99\xce\xfc\x06\xb7\x1d\xc8\x92')
87 http://shop.nordstrom.com/c/womens-comfort-boots/ugg-australia~1320 bytearray(b'\xde\x9e\x92\x1e\xec\xce\xc7\xe3<\xdc\xa1\xac)\xf2!<\xd3C\xf7\xa7_\xa82;!q9\x84\x12\xbcG\xaf')
min_handle: 1
88 http://shop.nordstrom.com/s/corso-como-penny-pointy-toe-pump-women/4235308?origin=category bytearray(b'|\xbb\xd3"\xd7m\xf4\xbb\xac\x08-S\xf9\x18F\xe2;\x90\xe8\xe9<\x0f\x05F\xe7\xa9\xed\xc3\x08JD"')
min_handle: 1
89 http://www.neimanmarcus.com/Ippolita-18K-Gold-Lollipop-Stud-Earrings-Clear-Quartz-with-Diamonds/prod157960096/p.prod bytearray(b'3\xc6\xd7(\xaas0\xbc\xe1\xdb\x12R\xd2\x07\xe8\xff\x00~n\x07\x90\xbehKI{c\x95\x1c\xd4\x11\x88')
min_handle: 1
90 http://www.net-a-porter.com/us/en/d/Shop/Lingerie/All?image_view=product&designerFilter=490;1558& bytearray(b'AMqP\xb3\xdaD\xf40\xd6yT\t\x18\x8d\t\x1d\xad9B^\xe5\x8c\xa8m\xfc\xd3\x9a"r\xde\x03')
91 http://www.net-a-porter.com/us/en/Shop/Sport/All_Sportswear?image_view=product&navLevel3=Sneakers;Swimwear& bytearray(b'c\x94J\xff<\x81\x1fLo\xa8\x9a\x91\x00;\xa7\x03\xb5\xef\xc0\xe1\t"\xbf\xe4dL\x88\xfa\xa2\xa4j\x9e')
min_handle: 1
92 http://shop.nordstrom.com/c/booties/robert-zur~8067 bytearray(b'\xf5SI\xff3N\x9d\xde6\x98\xb7\xce1\xd6)w\x97\xc7\x17\xd1\xb2}n\t\xec<\xd9\xc6b\xd1+\xbe')
min_handle: 1
93 http://shop.nordstrom.com/c/holiday-gifts-under-50/sleepwear-tops bytearray(b'\xcc\x14\xee\xa6i\x9e\x87\x0b\xbe\xa0\xce\x1d\x8b\xf3\xfc#[\xc6\xbcn\xadY\xaf\x0f\xb1\xa3\x88\x91\xb6u\xdbW')
min_handle: 1
94 http://www.neimanmarcus.com/Fendi-Monster-Nylon-Backpack-with-Fur-Crest-Red-Men-s/prod183120311_cat46930736__/p.prod?icid=&searchType=EndecaDrivenCat&rte=%252Fcategory.jsp%253FitemId%253Dcat46930736%2526pageSize%253D30%2526No%253D0%2526refinements%253D&eItemId=prod183120311&cmCat=product bytearray(b"z?\xe1\x90p\xcb\x15\xf2\x17\xd0\xf9r\xf0(.\xa0\xc6\xcbK\x00dK\xe3\xc8HU\xc5V\x04/1\'")
95 http://www.farfetch.com/shopping/men/bata/items.aspx bytearray(b'\xb6\tB\x80i\x15p6\x96\x07o\xbd\xb9\x91yE0\xb2\x1a3\x83\x03hy\x8a\xa8\xb3n\xd5\n\xed\xd2')
min_handle: 1
96 http://www.farfetch.com/shopping/men/fornasetti-abstract-animal-lamp-base-item-10249148.aspx?storeid=9089&ffref=lp_dn_13_2_ bytearray(b'\x03\xd5|\xca\xcb@\xf0Z\x8e\x00\xb4\xcfc\xa2\xdeZ\x8e[k\x8e\xd5\xa6\x07\x97\xe6\x9f\xa2/\xf0\xc99B')
min_handle: 1
97 http://www.neimanmarcus.com/Valentino-Contrast-Stitched-Flared-Jeans/prod179350029/p.prod bytearray(b"b\x8e\x15\xbet\xd9?\xbe\x81S\'I7\xac\x08\xba\xbfQ\xdf\xabb\xa8\xad>,\xe5\xf8J\xd0\x8e[$")
min_handle: 1
98 http://www.farfetch.com/shopping/women/alc/knitwear-1/items.aspx bytearray(b'\xfe\xb0j63\xc6Q\x8d\xde\xc7\xbf)::\xd3Z\xeb\xa0N\xbd\x19\xbb\xd4\xc0\x96\x10\\m\xd9\xea\x1fl')
min_handle: 1
99 http://www.neimanmarcus.com/Aquazzura/Shoes/cat47570743_cat000199_cat000149/c.cat?navAction=index bytearray(b'\x82\xc6z8\xe8)xy\x84\\\xc0A\x08\xa1@\x07\x08\x0e\x8dO\xa1-\xc6\x19\xfe\rgy\xea\xfe\x0c\x13')
min_handle: 1
100 http://www.farfetch.com/shopping/men/ally-capellino/items.aspx bytearray(b'V1KV\xba\xc0\xa8\xfd\xb9\xb9x+\xd3\xb3\xa0\xef\x1dQ\xcc*\x19\xf3[\x94\x0f\xfc\xfee\x0b\xb3H\x9a')
min_handle: 1
101 http://www.farfetch.com/shopping/women/dolce-gabbana/cropped-jackets-1/items.aspx bytearray(b'`\xbcPk\xc27\x91\x9cE\xf7\xf7}\xbb\xf46/\x12m.g\xc4\xe4q\xc2\xec\x8c=\xc7\x07\xa6(\xae')
min_handle: 1
102 http://www.net-a-porter.com/us/en/d/Shop/Whats-New/Now/Bags/All?image_view=product&designerFilter=449& bytearray(b'\xea[>C\xa2>\xb0\xdd\xe0@\\\xde\r8\x0f7\xc0D"\xe2\xfcZ\xc4\x1d\xe1\xa9\xa6\x88D\xb4\x10\xbb')
min_handle: 1
103 http://www.net-a-porter.com/us/en/d/Shop/Sale/Shoes/Sandals?image_view=product&colourFilter=36& bytearray(b'\x89\x17/)&\x0bW%\x05\xfa\xec\x10\x9e%]\x1e\x9e\x01\x7f\xd4\xef7\x10,5\xb4\xba\x1dt\xde\x1f\xb6')
min_handle: 1
104 http://www.neimanmarcus.com/John-Hardy-Naga-Dragon-Necklace/prod101570041/p.prod bytearray(b'\x1a\xde-\xfe\x86\xda\x07=\xd1\xccb\x1dw\xd2\xd9\x06~\x8d\xec\x06)\xc5\xf7\xd7\xfe\xe4\x80\x90\xd1+\xd7\x8f')
105 http://www.net-a-porter.com/us/en/d/Shop/Sale/Clothing/Knitwear?image_view=product&designerFilter=160& bytearray(b'\x19*\xc0\x19\x89^\x9cih\x08?K\\\x1a\x0ckk\xa2\x87J\xdcw-\xa0\r&\x08K*7N\xbc')
min_handle: 1
106 http://www.neimanmarcus.com/John-Hardy-SLVR-DIAMOND-PAVE-BRACELET/prod174750048/p.prod bytearray(b'=\x1d\x08a\x86\xa5\xc0J\xbf\x0cV\x91\x93$\x17\x05\xc2A/\xdd\xed@\x0e\xf2\xbb>t)6)\x1aa')
min_handle: 1
107 http://www.neimanmarcus.com/St-John-Collection-Mesh-Knit-Short-Sleeve-Sheath-Dress/prod182530009/p.prod bytearray(b' \x12m*0\xb4\xc7\xbe\xc3\x9f\x10\xfb\xe9\xcf\xab/\xcdZU\xf0w\x8f\x17O/?\x8ccZ\xe6\x9e>')
min_handle: 1
108 http://www.farfetch.com/shopping/men/sale/353940-designer-golden-goose-deluxe-brand/track-pant-2/items.aspx bytearray(b'c)b\x8d\xdb\xdf\x17\xcdV\x19f\xaa\xc1\x93\xa3\x85\xbb\x02\xc4`\xb6j\xa2\xda\xcd\xc8\x11A+}VZ')
109 http://www.farfetch.com/shopping/women/damir-doma/a-line-skirts-1/items.aspx bytearray(b'\x01\x0cl\xaf\xbe\x94\xdbG\xf1\xeanrj\xa1\xb7\xe6\xe8\xa8\xf4Gz\xa0g$\x9e\xed\\2aO\xbb\xd7')
min_handle: 1
110 http://www.farfetch.com/shopping/women/christian-dior-vintage-gold-plaque-print-scarf-item-11012418.aspx?storeid=9164&ffref=lp_pic_32_1_ bytearray(b'\xc2\x87\x92\xc3\xa8\xe3\x80\x11\xe9\x86\x00^\xf4\xa7\xeb"\xc8\xe8+\x87=\xfcW\x8b\xfdF\t\x16\xd0\xf6\x9d\xc5')
min_handle: 1
111 http://www.farfetch.com/shopping/women/31-phillip-lim/blouses-1/items.aspx bytearray(b'\xa4}\xf1]\x85J~\xd0C\x81\xec\xecB~\x0b/.\x04\x95\xeb.\xd1\xb2\xdd\x93\xf0m|\xec\x19\xa0p')
min_handle: 1
112 http://www.farfetch.com/shopping/men/sale/kenzo-paisley-and-ufo-backpack-item-11163382.aspx?storeid=9727&ffref=lp_pic_53_8_ bytearray(b';\x98/\x95z\x8f\xe0\x94\xdf\xe4\x8ev\xa9\x1ct\x98q}ZR\x92a\x88|\xa7\x03\xbd\x07I\xd4e\xde')
min_handle: 1
113 http://shop.nordstrom.com/s/paul-smith-bicyclesilk-tie/4069670?origin=category bytearray(b'\xe8\xd9-\xc9K{\xc2G\xf9\x04V\xd0\x17j~\x8b\x9d\xa9[i\x08\xb4pf\x03*\x89{\xc2\xd8\xd7!')
min_handle: 1
114 http://www.neimanmarcus.com/KALAN-by-Suzanne-Kalan-12mm-Round-Green-Envy-Topaz-Pendant-Necklace/prod173480029/p.prod bytearray(b'\xb5\x8b\xd9\x86\xf1\xbeg\xb2,\xbf\xbcUc\xe6y\x98T\x9db\x96\x8b\x17:\xd9\xf2u\xd3vB\xc5V\x82')
min_handle: 1
115 http://www.neimanmarcus.com/rag-boneJEAN-Francine-Long-Sleeve-Two-Tone-Sweater-Dress-Navy-Black-Combo/prod184650286/p.prod bytearray(b'\xd1q2\xd3z\x9aGE\x97^\x0e8a\x87\xe2\xd3\xcb\xe7%\xd2\x0f\xb9\xa8\xceoI\x91\x05)F?\x0b')
min_handle: 1
116 http://www.farfetch.com/shopping/men/maharishi/messengers-2/items.aspx bytearray(b"\xeb\xa4q\xaa\x17J\xf5\x1cg\x16\xf6\xb0\xe8\x9e\xef\xb4-\xf4\'fq\x88E\x03B\xbb3\x86\x1b)AD")
min_handle: 1
117 http://www.farfetch.com/shopping/men/fornasetti--bocca-stool-item-10092940.aspx?storeid=9089&ffref=lp_pic_16_4_ bytearray(b"\xc4\x1c\x92p\xa8\x08\xb2\xd0 \x11\x10\xdf\x1e\x15\x9f?\xd5@\xa4\xdc\x88\xec\xc7\x8e\x05\xec\x1a\xb9\xd4\xfe\':")
min_handle: 1
118 http://www.farfetch.com/shopping/women/alexandre-plokhov/skinny-trousers-1/items.aspx bytearray(b'\x06B,y\xc7{\xd3\x13\xd9\xbb\x03Qv6)OfV\xaa\xd5\xb9\xe2Traceback (most recent call last):
  File "product2db.py", line 100, in handle_url
    mapp = Host2Map[host].from_html(url, html)
  File "/Users/ryanflynn/src/productsum/product_mapper/neimanmarcus.py", line 238, in from_html
    realproducts = [p.to_product() for p in products]
  File "/Users/ryanflynn/src/productsum/product_mapper/neimanmarcus.py", line 152, in to_product
    img_urls=[self.img_url] if self.img_url else None
  File "/Users/ryanflynn/src/productsum/product_mapper/product.py", line 132, in __init__
    assert '&amp;' not in self.name
AssertionError
Process PoolWorker-2:
Traceback (most recent call last):
  File "/opt/local/Library/Frameworks/Python.framework/Versions/2.7/lib/python2.7/multiprocessing/process.py", line 258, in _bootstrap
    self.run()
  File "/opt/local/Library/Frameworks/Python.framework/Versions/2.7/lib/python2.7/multiprocessing/process.py", line 114, in run
    self._target(*self._args, **self._kwargs)
  File "/opt/local/Library/Frameworks/Python.framework/Versions/2.7/lib/python2.7/multiprocessing/pool.py", line 97, in worker
    initializer(*initargs)
  File "product2db.py", line 116, in worker
    q2.put(handle_url(*params))
  File "product2db.py", line 100, in handle_url
    mapp = Host2Map[host].from_html(url, html)
  File "/Users/ryanflynn/src/productsum/product_mapper/neimanmarcus.py", line 238, in from_html
    realproducts = [p.to_product() for p in products]
  File "/Users/ryanflynn/src/productsum/product_mapper/neimanmarcus.py", line 152, in to_product
    img_urls=[self.img_url] if self.img_url else None
  File "/Users/ryanflynn/src/productsum/product_mapper/product.py", line 132, in __init__
    assert '&amp;' not in self.name
AssertionError
no utag...
no utag...
no utag...
no utag...
no utag...
no utag...
no utag...
no utag...
no utag...
no utag...
no utag...
no utag...
no utag...
no utag...
no utag...
no utag...
no utag...
no utag...
no utag...
no utag...
no utag...
no utag...
no utag...
no utag...
no utag...
no utag...
no utag...
no utag...
no utag...
no utag...
no utag...
no utag...
no utag...
no utag...
{\xe3W~\xc2\x85\xec(o\x16')
min_handle: 1
119 http://www.farfetch.com/shopping/women/aurelie-bidermann/fine-rings-1/items.aspx bytearray(b'_\x9c\x93\xfc\xdcO\x82\x0bI\xa5\xda\x07\xa8\xe6N\xa1\x04\x14\x8fiV\x90\x1cnn\x9d=\xa5\xe6\x9a\xe5\x83')
min_handle: 1
120 http://shop.nordstrom.com/c/holiday-gifts-under-100/cole-haan~173 bytearray(b'\x88\x86\x1b\xb0a\xa2\xb8\xa2\x82a\xcd.\xd6\x90l Z\xea\xc1a\xff/$\xb1\x13\x8c>3\xf7\x0e?2')
min_handle: 1
121 http://www.neimanmarcus.com/NM-Edits/Indie-Sun/cat53620742_cat40980754_cat2830732/c.cat bytearray(b'*\x95r\x80\x8f\xb9\x1149&\x8f\xef\tl\xdb\t\x1c\x0f\xdc\xbf\xf5\x89\x11\xb1\xb1\x9c\xb8\xdb[V\x86\xcc')
min_handle: 1
122 http://shop.nordstrom.com/c/nordstrom-stylist-customer-testimonials bytearray(b'\x14Z\xfd\xac\xf5\x0b\xa7\x03\xb7\xa1\xd7l{\xe9\xd2g)\xed\xcc\xd5\xd9$/\xea\xed\x1d\xb0\xc8\xc5\x02\xb9\\')
min_handle: 1
123 http://www.net-a-porter.com/us/en/d/Shop/Clothing/Bridal?image_view=outfit&designerFilter=291& bytearray(b'*\x00_\x11%\xa2\x87\x83|q\xca\xd8\x8d\xba\xfc\xe4\xbfSq\xc9rm\xbe\xc5\xa91\x9b\x82Em\xdb1')
min_handle: 1
124 http://shop.nordstrom.com/c/trend-jeans/res-denim~12828 bytearray(b'\x17\xe7c?\x11\x04s\xe1\x0f\x91\t*,B\x94x\xa5\x98%L\xf7\xbd\xccT\xebA\xe6b\xc8\x82\xbf\xbf')
min_handle: 1
125 http://shop.nordstrom.com/c/designer-pumps/pink bytearray(b'*\xa9\x83k\xf1\xa9\xe9\xd2X\xd2q\xc6\xd0\x94P\xc7G\xa5\x0b;R\xca\xacp\x7f\xe6?\x81\x04z:\xa4')
126 http://www.farfetch.com/shopping/men/hermes-vintage/vintage-bags-2/items.aspx bytearray(b'\xb5p@Ho\x86jX?G\xd7\xdbF`\xa8W*\x17\xf1\x84\xa2\xeb\xc2z\xc8A\xb1T\x832\xdf\xc1')
min_handle: 1
127 http://www.net-a-porter.com/us/en/d/Shop/Clothing/Dresses?image_view=outfit&navLevel3=Cocktail&designerFilter=677& bytearray(b'\xb5v\xde[\x8d\xc2\xa4\xf7!>F\x87\xf4O@\xb2Y\x88\xc9\xec[\xd9\xc7\x0e\xae\xcb\xc3\x87\xc1|k\x83')
min_handle: 1
128 http://www.farfetch.com/shopping/women/anrealage/single-breasted-coats-1/items.aspx bytearray(b'w\xd8\x8f\xa58\xab\xf8\xaa\xf9\xf9\x1b\xda8\xe5\xd6\xe0\xd7\x17\x97\xd4u\x97d\xcdNf\xd6}k\xc71\xde')
min_handle: 1
129 http://www.net-a-porter.com/us/en/d/Shop/Bags/All?image_view=product&designerFilter=449&colourFilter=3& bytearray(b'\xb2>\xe8>Bp\x17\xb2\x85\x1dH\xe3\xa4@l\xf4\x83W\xbf\x97\xa9\xd9\x94%l\xf7\xbb\xa94i\x1dD')
130 http://shop.nordstrom.com/s/burberry-check-scarf/3497850?origin=category bytearray(b'\xa4T\x89\x19\xe3\x0b\xc5\xb4\x15\x0fh#5k\xdc\xee\x83\xfe\x99\r\xab^\xa5\xb1\xc7\x0c\xd2\xa7o\x03\xfa*')
min_handle: 1
131 https://www.neimanmarcus.com/search.jsp?N=0&from=saledi&st=s&rd=1&Ntt=Alexander+Wang bytearray(b'u,\xbb\xef\x84\xe0\xd5\xb7\x9f\xa1\x0e\xaa\x08\\\xecbh\xd5\xf9\x9f\xec&\xce\x88\x83\xbbD\xb2\x94,\xad}')
132 http://shop.nordstrom.com/c/booties/via-spiga~764 bytearray(b',d%\x82\xbc\x10\xa5\xbe\xaeO\x89\xb4YE\r\xe91\xca\xd61k\x9c\x87<\xbe\xde~\xb9Q\x87\x02o')
min_handle: 1
133 http://www.neimanmarcus.com/Lafayette-148-New-York-Cropped-Straight-Leg-Pants-Dove-Lafayette-148-New-York/prod186500032_cat47970749__/p.prod?icid=&searchType=EndecaDrivenCat&rte=%252Fcategory.jsp%253FitemId%253Dcat47970749%2526pageSize%253D30%2526Nao%253D0%2526refinements%253D&eItemId=prod186500032&cmCat=product bytearray(b"Bp\xa4J`\xb11\x15\x95\xaaL\x8c\xcf<\x93\xb8\x91\xa6\xb6\xc9\xe5\xcd\x97\xc9\'\xa0\xa78\xa4Th\xd3")
min_handle: 1
134 http://www.net-a-porter.com/us/en/d/Shop/Sale/Clothing/Knitwear?image_view=product&colourFilter=37& bytearray(b"#+\xc1\x17\xbek!{@\x8e6nA\x05\x166\xcc\xe44l\xfd\x82\xe7\xb0\x04\x84\x7f\xd3\')\xd1\xcd")
min_handle: 1
135 http://www.farfetch.com/shopping/men/brioni/items.aspx bytearray(b'b\xb9lG\x03\x8c\xd14Ve\xd3\xfb}\x97_4\x7f\xbd^\x9dp3\xb6\x91H~\xfc\xb0\x8fI\x97O')
min_handle: 1
/Users/ryanflynn/src/productsum/venv/lib/python2.7/site-packages/bs4/__init__.py:166: UserWarning: No parser was explicitly specified, so I'm using the best available HTML parser for this system ("lxml"). This usually isn't a problem, but if you run this code on another system, or in a different virtual environment, it may use a different parser and behave differently.

To get rid of this warning, change this:

 BeautifulSoup([your markup])

to this:

 BeautifulSoup([your markup], "lxml")

  markup_type=markup_type))
